<?xml version="1.0" encoding="utf-8"?><testsuites name="pytest tests"><testsuite name="pytest" errors="0" failures="0" skipped="0" tests="17" time="25.039" timestamp="2026-09-12T07:38:49.855342+00:00" hostname="agent-env-1bc5df69-eece-473b-a780-bc46f85bb8a1"><testcase classname="tests.backend_test.TestAuth" name="test_login_admin" time="0.604" /><testcase classname="tests.backend_test.TestProperties" name="test_create_list_toggle_delete" time="1.477" /><testcase classname="tests.backend_test.TestAuth" name="test_login_invalid" time="0.363" /><testcase classname="tests.backend_test.TestAuth" name="test_register_and_me" time="0.485" /><testcase classname="tests.backend_test.TestAuth" name="test_me_unauth" time="0.363" /><testcase classname="tests.backend_test.TestProperties" name="test_owner_isolation" time="1.037" /><testcase classname="tests.backend_test.TestChat" name="test_chat_then_cache_hit" time="2.012" /><testcase classname="tests.backend_test.TestDocuments" name="test_upload_and_list" time="1.431" /><testcase classname="tests.backend_test.TestChat" name="test_cache_stats" time="0.131" /><testcase classname="tests.backend_test.TestDocuments" name="test_unsupported_type" time="0.136" /><testcase classname="tests.backend_test.TestModelLab" name="test_models_list" time="0.168" /><testcase classname="tests.backend_test.TestOwnership" name="test_delete_golden_other_user_returns_404" time="0.945" /><testcase classname="tests.backend_test.TestModelLab" name="test_compare" time="4.287" /><testcase classname="tests.backend_test.TestOwnership" name="test_stop_run_other_user_returns_404" time="0.644" /><testcase classname="tests.backend_test.TestGolden" name="test_crud" time="0.500" /><testcase classname="tests.backend_test.TestAutoQA" name="test_quick_run" time="15.951" /><testcase classname="tests.backend_test.TestDashboard" name="test_dashboard" time="0.250" /></testsuite></testsuites>