<?xml version="1.0" encoding="utf-8"?><testsuites name="pytest tests"><testsuite name="pytest" errors="0" failures="0" skipped="0" tests="17" time="25.685" timestamp="2026-09-12T11:05:37.905766+00:00" hostname="agent-env-1bc5df69-eece-473b-a780-bc46f85bb8a1"><testcase classname="tests.backend_test.TestAuth" name="test_login_admin" time="0.676" /><testcase classname="tests.backend_test.TestProperties" name="test_create_list_toggle_delete" time="1.558" /><testcase classname="tests.backend_test.TestAuth" name="test_login_invalid" time="0.399" /><testcase classname="tests.backend_test.TestAuth" name="test_register_and_me" time="1.614" /><testcase classname="tests.backend_test.TestProperties" name="test_owner_isolation" time="0.999" /><testcase classname="tests.backend_test.TestAuth" name="test_me_unauth" time="0.113" /><testcase classname="tests.backend_test.TestDocuments" name="test_upload_and_list" time="1.424" /><testcase classname="tests.backend_test.TestChat" name="test_chat_then_cache_hit" time="1.765" /><testcase classname="tests.backend_test.TestDocuments" name="test_unsupported_type" time="0.118" /><testcase classname="tests.backend_test.TestModelLab" name="test_models_list" time="0.118" /><testcase classname="tests.backend_test.TestModelLab" name="test_compare" time="4.655" /><testcase classname="tests.backend_test.TestChat" name="test_cache_stats" time="0.119" /><testcase classname="tests.backend_test.TestOwnership" name="test_delete_golden_other_user_returns_404" time="1.010" /><testcase classname="tests.backend_test.TestOwnership" name="test_stop_run_other_user_returns_404" time="0.606" /><testcase classname="tests.backend_test.TestDashboard" name="test_dashboard" time="0.241" /><testcase classname="tests.backend_test.TestAutoQA" name="test_quick_run" time="16.007" /><testcase classname="tests.backend_test.TestGolden" name="test_crud" time="0.478" /></testsuite></testsuites>