<?xml version="1.0" encoding="utf-8"?><testsuites name="pytest tests"><testsuite name="pytest" errors="0" failures="0" skipped="0" tests="12" time="9.488" timestamp="2026-09-12T11:00:26.103195+00:00" hostname="agent-env-1bc5df69-eece-473b-a780-bc46f85bb8a1"><testcase classname="tests.test_security_fixes.TestSEC005DefaultPassRevoked" name="test_old_admin_password_rejected" time="0.436" /><testcase classname="tests.test_security_fixes.TestSEC005DefaultPassRevoked" name="test_new_admin_password_works" time="0.339" /><testcase classname="tests.test_security_fixes.TestSEC005DefaultPassRevoked" name="test_register_defaults_to_student" time="0.371" /><testcase classname="tests.test_security_fixes.TestSEC002JWT" name="test_token_has_three_parts" time="0.337" /><testcase classname="tests.test_security_fixes.TestSEC002JWT" name="test_tampered_token_rejected" time="0.131" /><testcase classname="tests.test_security_fixes.TestSEC001ForgotFlow" name="test_old_forgot_endpoint_gone" time="0.118" /><testcase classname="tests.test_security_fixes.TestSEC001ForgotFlow" name="test_forgot_request_unknown_email_returns_null_token" time="0.115" /><testcase classname="tests.test_security_fixes.TestSEC001ForgotFlow" name="test_full_reset_flow_and_single_use" time="1.836" /><testcase classname="tests.test_security_fixes.TestSEC003CrossUser404" name="test_conversation_and_qa_run_not_accessible_to_other_user" time="1.792" /><testcase classname="tests.test_security_fixes.TestSEC004DeletePropertyOwnership" name="test_other_user_delete_does_not_cascade" time="0.970" /><testcase classname="tests.test_security_fixes.TestCORS" name="test_no_wildcard_with_credentials" time="0.109" /><testcase classname="tests.test_security_fixes.TestZZRateLimit" name="test_login_rate_limit_429" time="2.862" /></testsuite></testsuites>